<?xml version="1.0" encoding="UTF-8"?>
<!-- Generated by org.testng.reporters.JUnitXMLReporter -->
<testsuite ignored="0" hostname="LAPTOP-E91A4HCL" failures="0" tests="4" name="Default test" time="23.005" errors="0" timestamp="2021-09-17T23:05:46 IST">
  <testcase classname="com.webapplication.webtest.selenium1" name="testJbkTitle" time="2.327"/>
  <testcase classname="com.webapplication.webtest.selenium1" name="testJbkTitleInvalid" time="2.061"/>
  <testcase classname="com.webapplication.webtest.selenium1" name="testJbkTitlescroll" time="6.05"/>
  <testcase classname="com.webapplication.webtest.selenium1" name="testJbkTitlesubmit" time="9.491"/>
</testsuite> <!-- Default test -->
