<?xml version="1.0" encoding="UTF-8"?>
<testng-results ignored="0" total="4" passed="4" failed="0" skipped="0">
  <reporter-output>
  </reporter-output>
  <suite started-at="2021-09-17T23:05:22 IST" name="Default suite" finished-at="2021-09-17T23:05:46 IST" duration-ms="23005">
    <groups>
    </groups>
    <test started-at="2021-09-17T23:05:22 IST" name="Default test" finished-at="2021-09-17T23:05:46 IST" duration-ms="23005">
      <class name="com.webapplication.webtest.selenium1">
        <test-method is-config="true" signature="beforeTest()[pri:0, instance:com.webapplication.webtest.selenium1@793be5ca]" started-at="2021-09-17T23:05:23 IST" name="beforeTest" finished-at="2021-09-17T23:05:25 IST" duration-ms="2143" status="PASS">
          <reporter-output>
          </reporter-output>
        </test-method> <!-- beforeTest -->
        <test-method signature="testJbkTitle()[pri:0, instance:com.webapplication.webtest.selenium1@793be5ca]" started-at="2021-09-17T23:05:25 IST" name="testJbkTitle" finished-at="2021-09-17T23:05:27 IST" duration-ms="2327" status="PASS">
          <reporter-output>
          </reporter-output>
        </test-method> <!-- testJbkTitle -->
        <test-method signature="testJbkTitleInvalid()[pri:1, instance:com.webapplication.webtest.selenium1@793be5ca]" started-at="2021-09-17T23:05:27 IST" name="testJbkTitleInvalid" finished-at="2021-09-17T23:05:29 IST" duration-ms="2061" status="PASS">
          <reporter-output>
          </reporter-output>
        </test-method> <!-- testJbkTitleInvalid -->
        <test-method signature="testJbkTitlescroll()[pri:2, instance:com.webapplication.webtest.selenium1@793be5ca]" started-at="2021-09-17T23:05:29 IST" name="testJbkTitlescroll" finished-at="2021-09-17T23:05:35 IST" duration-ms="6050" status="PASS">
          <reporter-output>
          </reporter-output>
        </test-method> <!-- testJbkTitlescroll -->
        <test-method signature="testJbkTitlesubmit()[pri:2, instance:com.webapplication.webtest.selenium1@793be5ca]" started-at="2021-09-17T23:05:35 IST" name="testJbkTitlesubmit" finished-at="2021-09-17T23:05:45 IST" duration-ms="9491" status="PASS">
          <reporter-output>
          </reporter-output>
        </test-method> <!-- testJbkTitlesubmit -->
        <test-method is-config="true" signature="afterTest()[pri:0, instance:com.webapplication.webtest.selenium1@793be5ca]" started-at="2021-09-17T23:05:45 IST" name="afterTest" finished-at="2021-09-17T23:05:46 IST" duration-ms="887" status="PASS">
          <reporter-output>
          </reporter-output>
        </test-method> <!-- afterTest -->
      </class> <!-- com.webapplication.webtest.selenium1 -->
    </test> <!-- Default test -->
  </suite> <!-- Default suite -->
</testng-results>
